=== FILTER START ===
Time: 2025-12-07 11:28:27
---- Pandoc(doc) called ----
meta.params.show_solution (raw) = true
Parsed show_solution = true
Div #1: id='', classes=[]
Div #2: id='', classes=[]
Div #3: id='', classes=[]
Div #4: id='', classes=[]
Div #5: id='', classes=[answer]
  ==> Answer block #1 found; show_solution = true
      KEEP answer block
Div #6: id='', classes=[answer]
  ==> Answer block #2 found; show_solution = true
      KEEP answer block
Div #7: id='', classes=[]
Div #8: id='', classes=[]
Div #9: id='', classes=[]
Div #10: id='', classes=[]
Div #11: id='', classes=[]
Div #12: id='', classes=[]
Div #13: id='', classes=[]
Div #14: id='', classes=[]
Div #15: id='', classes=[]
Div #16: id='', classes=[]
Div #17: id='', classes=[]
Div #18: id='', classes=[]
Div #19: id='', classes=[]
Div #20: id='', classes=[]
Div #21: id='', classes=[]
Div #22: id='', classes=[]
Div #23: id='3ade8a4a-fb1d-4a6c-8409-ac45482d5fc9', classes=[hidden]

=== FILTER COMPLETE ===
Total Div processed: 23
Total answer blocks: 2
========================
